<?xml version="1.0" encoding="UTF-8"?>
<testsuite name="br.com.geradordedevs.financialnotification.controllers.SpreadSheetControllerTest" tests="1" skipped="0" failures="0" errors="0" timestamp="2023-01-22T11:59:48" hostname="mario-Inspiron-3501" time="0.079">
  <properties/>
  <testcase name="getSpreadSheetsWrongRouteShouldReturnNotFound" classname="br.com.geradordedevs.financialnotification.controllers.SpreadSheetControllerTest" time="0.079"/>
  <system-out><![CDATA[08:59:45.660 [Test worker] DEBUG org.springframework.test.context.junit4.SpringJUnit4ClassRunner - SpringJUnit4ClassRunner constructor called with [class br.com.geradordedevs.financialnotification.controllers.SpreadSheetControllerTest]
08:59:45.675 [Test worker] DEBUG org.springframework.test.context.BootstrapUtils - Instantiating CacheAwareContextLoaderDelegate from class [org.springframework.test.context.cache.DefaultCacheAwareContextLoaderDelegate]
08:59:45.690 [Test worker] DEBUG org.springframework.test.context.BootstrapUtils - Instantiating BootstrapContext using constructor [public org.springframework.test.context.support.DefaultBootstrapContext(java.lang.Class,org.springframework.test.context.CacheAwareContextLoaderDelegate)]
08:59:45.774 [Test worker] DEBUG org.springframework.test.context.BootstrapUtils - Instantiating TestContextBootstrapper for test class [br.com.geradordedevs.financialnotification.controllers.SpreadSheetControllerTest] from class [org.springframework.boot.test.autoconfigure.web.servlet.WebMvcTestContextBootstrapper]
08:59:45.797 [Test worker] INFO org.springframework.boot.test.autoconfigure.web.servlet.WebMvcTestContextBootstrapper - Neither @ContextConfiguration nor @ContextHierarchy found for test class [br.com.geradordedevs.financialnotification.controllers.SpreadSheetControllerTest], using SpringBootContextLoader
08:59:45.807 [Test worker] DEBUG org.springframework.test.context.support.AbstractContextLoader - Did not detect default resource location for test class [br.com.geradordedevs.financialnotification.controllers.SpreadSheetControllerTest]: class path resource [br/com/geradordedevs/financialnotification/controllers/SpreadSheetControllerTest-context.xml] does not exist
08:59:45.807 [Test worker] DEBUG org.springframework.test.context.support.AbstractContextLoader - Did not detect default resource location for test class [br.com.geradordedevs.financialnotification.controllers.SpreadSheetControllerTest]: class path resource [br/com/geradordedevs/financialnotification/controllers/SpreadSheetControllerTestContext.groovy] does not exist
08:59:45.808 [Test worker] INFO org.springframework.test.context.support.AbstractContextLoader - Could not detect default resource locations for test class [br.com.geradordedevs.financialnotification.controllers.SpreadSheetControllerTest]: no resource found for suffixes {-context.xml, Context.groovy}.
08:59:45.809 [Test worker] INFO org.springframework.test.context.support.AnnotationConfigContextLoaderUtils - Could not detect default configuration classes for test class [br.com.geradordedevs.financialnotification.controllers.SpreadSheetControllerTest]: SpreadSheetControllerTest does not declare any static, non-private, non-final, nested classes annotated with @Configuration.
08:59:45.921 [Test worker] DEBUG org.springframework.test.context.support.ActiveProfilesUtils - Could not find an 'annotation declaring class' for annotation type [org.springframework.test.context.ActiveProfiles] and class [br.com.geradordedevs.financialnotification.controllers.SpreadSheetControllerTest]
08:59:46.011 [Test worker] DEBUG org.springframework.context.annotation.ClassPathScanningCandidateComponentProvider - Identified candidate component class: file [/home/mario/Documentos/GitHub/financial-notification/build/classes/java/main/br/com/geradordedevs/financialnotification/FinancialNotificationApplication.class]
08:59:46.013 [Test worker] INFO org.springframework.boot.test.context.SpringBootTestContextBootstrapper - Found @SpringBootConfiguration br.com.geradordedevs.financialnotification.FinancialNotificationApplication for test class br.com.geradordedevs.financialnotification.controllers.SpreadSheetControllerTest
08:59:46.017 [Test worker] DEBUG org.springframework.boot.test.autoconfigure.web.servlet.WebMvcTestContextBootstrapper - @TestExecutionListeners is not present for class [br.com.geradordedevs.financialnotification.controllers.SpreadSheetControllerTest]: using defaults.
08:59:46.017 [Test worker] INFO org.springframework.boot.test.autoconfigure.web.servlet.WebMvcTestContextBootstrapper - Loaded default TestExecutionListener class names from location [META-INF/spring.factories]: [org.springframework.boot.test.autoconfigure.restdocs.RestDocsTestExecutionListener, org.springframework.boot.test.autoconfigure.web.client.MockRestServiceServerResetTestExecutionListener, org.springframework.boot.test.autoconfigure.web.servlet.MockMvcPrintOnlyOnFailureTestExecutionListener, org.springframework.boot.test.autoconfigure.web.servlet.WebDriverTestExecutionListener, org.springframework.boot.test.autoconfigure.webservices.client.MockWebServiceServerTestExecutionListener, org.springframework.boot.test.mock.mockito.MockitoTestExecutionListener, org.springframework.boot.test.mock.mockito.ResetMocksTestExecutionListener, org.springframework.test.context.web.ServletTestExecutionListener, org.springframework.test.context.support.DirtiesContextBeforeModesTestExecutionListener, org.springframework.test.context.event.ApplicationEventsTestExecutionListener, org.springframework.test.context.support.DependencyInjectionTestExecutionListener, org.springframework.test.context.support.DirtiesContextTestExecutionListener, org.springframework.test.context.transaction.TransactionalTestExecutionListener, org.springframework.test.context.jdbc.SqlScriptsTestExecutionListener, org.springframework.test.context.event.EventPublishingTestExecutionListener]
08:59:46.041 [Test worker] INFO org.springframework.boot.test.autoconfigure.web.servlet.WebMvcTestContextBootstrapper - Using TestExecutionListeners: [org.springframework.test.context.web.ServletTestExecutionListener@62db0521, org.springframework.test.context.support.DirtiesContextBeforeModesTestExecutionListener@1b4ae4e0, org.springframework.test.context.event.ApplicationEventsTestExecutionListener@6ef1a1b9, org.springframework.boot.test.mock.mockito.MockitoTestExecutionListener@5fbdc49b, org.springframework.boot.test.autoconfigure.SpringBootDependencyInjectionTestExecutionListener@65753040, org.springframework.test.context.support.DirtiesContextTestExecutionListener@2954b5ea, org.springframework.test.context.transaction.TransactionalTestExecutionListener@4acb2510, org.springframework.test.context.jdbc.SqlScriptsTestExecutionListener@7be3a9ce, org.springframework.test.context.event.EventPublishingTestExecutionListener@37d871c2, org.springframework.boot.test.autoconfigure.restdocs.RestDocsTestExecutionListener@3baf6936, org.springframework.boot.test.autoconfigure.web.client.MockRestServiceServerResetTestExecutionListener@285f38f6, org.springframework.boot.test.autoconfigure.web.servlet.MockMvcPrintOnlyOnFailureTestExecutionListener@4e1459ea, org.springframework.boot.test.autoconfigure.web.servlet.WebDriverTestExecutionListener@3ab6678b, org.springframework.boot.test.autoconfigure.webservices.client.MockWebServiceServerTestExecutionListener@7a904f32, org.springframework.boot.test.mock.mockito.ResetMocksTestExecutionListener@2b59501e]
08:59:46.043 [Test worker] DEBUG org.springframework.test.annotation.ProfileValueUtils - Retrieved @ProfileValueSourceConfiguration [null] for test class [br.com.geradordedevs.financialnotification.controllers.SpreadSheetControllerTest]
08:59:46.044 [Test worker] DEBUG org.springframework.test.annotation.ProfileValueUtils - Retrieved ProfileValueSource type [class org.springframework.test.annotation.SystemProfileValueSource] for class [br.com.geradordedevs.financialnotification.controllers.SpreadSheetControllerTest]
08:59:46.047 [Test worker] DEBUG org.springframework.test.annotation.ProfileValueUtils - Retrieved @ProfileValueSourceConfiguration [null] for test class [br.com.geradordedevs.financialnotification.controllers.SpreadSheetControllerTest]
08:59:46.047 [Test worker] DEBUG org.springframework.test.annotation.ProfileValueUtils - Retrieved ProfileValueSource type [class org.springframework.test.annotation.SystemProfileValueSource] for class [br.com.geradordedevs.financialnotification.controllers.SpreadSheetControllerTest]
08:59:46.050 [Test worker] DEBUG org.springframework.test.annotation.ProfileValueUtils - Retrieved @ProfileValueSourceConfiguration [null] for test class [br.com.geradordedevs.financialnotification.controllers.SpreadSheetControllerTest]
08:59:46.050 [Test worker] DEBUG org.springframework.test.annotation.ProfileValueUtils - Retrieved ProfileValueSource type [class org.springframework.test.annotation.SystemProfileValueSource] for class [br.com.geradordedevs.financialnotification.controllers.SpreadSheetControllerTest]
08:59:46.053 [Test worker] DEBUG org.springframework.test.annotation.ProfileValueUtils - Retrieved @ProfileValueSourceConfiguration [null] for test class [br.com.geradordedevs.financialnotification.controllers.SpreadSheetControllerTest]
08:59:46.053 [Test worker] DEBUG org.springframework.test.annotation.ProfileValueUtils - Retrieved ProfileValueSource type [class org.springframework.test.annotation.SystemProfileValueSource] for class [br.com.geradordedevs.financialnotification.controllers.SpreadSheetControllerTest]
08:59:46.054 [Test worker] DEBUG org.springframework.test.annotation.ProfileValueUtils - Retrieved @ProfileValueSourceConfiguration [null] for test class [br.com.geradordedevs.financialnotification.controllers.SpreadSheetControllerTest]
08:59:46.055 [Test worker] DEBUG org.springframework.test.annotation.ProfileValueUtils - Retrieved ProfileValueSource type [class org.springframework.test.annotation.SystemProfileValueSource] for class [br.com.geradordedevs.financialnotification.controllers.SpreadSheetControllerTest]
08:59:46.060 [Test worker] DEBUG org.springframework.test.context.support.AbstractDirtiesContextTestExecutionListener - Before test class: context [DefaultTestContext@319c3a25 testClass = SpreadSheetControllerTest, testInstance = [null], testMethod = [null], testException = [null], mergedContextConfiguration = [WebMergedContextConfiguration@238bfd6c testClass = SpreadSheetControllerTest, locations = '{}', classes = '{class br.com.geradordedevs.financialnotification.FinancialNotificationApplication}', contextInitializerClasses = '[]', activeProfiles = '{}', propertySourceLocations = '{}', propertySourceProperties = '{spring.autoconfigure.exclude=org.springframework.boot.autoconfigure.security.servlet.SecurityAutoConfiguration, org.springframework.boot.test.autoconfigure.web.servlet.WebMvcTestContextBootstrapper=true}', contextCustomizers = set[org.springframework.boot.test.autoconfigure.OverrideAutoConfigurationContextCustomizerFactory$DisableAutoConfigurationContextCustomizer@64f555e7, org.springframework.boot.test.autoconfigure.actuate.metrics.MetricsExportContextCustomizerFactory$DisableMetricExportContextCustomizer@9a7a808, org.springframework.boot.test.autoconfigure.filter.TypeExcludeFiltersContextCustomizer@dcc61132, org.springframework.boot.test.autoconfigure.properties.PropertyMappingContextCustomizer@ed016d0f, org.springframework.boot.test.autoconfigure.web.servlet.WebDriverContextCustomizerFactory$Customizer@3a4ba480, [ImportsContextCustomizer@ef1695a key = [org.springframework.boot.autoconfigure.cache.CacheAutoConfiguration, org.springframework.boot.autoconfigure.context.MessageSourceAutoConfiguration, org.springframework.boot.autoconfigure.data.web.SpringDataWebAutoConfiguration, org.springframework.boot.autoconfigure.freemarker.FreeMarkerAutoConfiguration, org.springframework.boot.autoconfigure.groovy.template.GroovyTemplateAutoConfiguration, org.springframework.boot.autoconfigure.gson.GsonAutoConfiguration, org.springframework.boot.autoconfigure.hateoas.HypermediaAutoConfiguration, org.springframework.boot.autoconfigure.http.HttpMessageConvertersAutoConfiguration, org.springframework.boot.autoconfigure.jackson.JacksonAutoConfiguration, org.springframework.boot.autoconfigure.jsonb.JsonbAutoConfiguration, org.springframework.boot.autoconfigure.mustache.MustacheAutoConfiguration, org.springframework.boot.autoconfigure.task.TaskExecutionAutoConfiguration, org.springframework.boot.autoconfigure.thymeleaf.ThymeleafAutoConfiguration, org.springframework.boot.autoconfigure.validation.ValidationAutoConfiguration, org.springframework.boot.autoconfigure.web.servlet.error.ErrorMvcAutoConfiguration, org.springframework.boot.autoconfigure.web.servlet.HttpEncodingAutoConfiguration, org.springframework.boot.autoconfigure.web.servlet.WebMvcAutoConfiguration, org.springframework.boot.test.autoconfigure.web.servlet.MockMvcAutoConfiguration, org.springframework.boot.test.autoconfigure.web.servlet.MockMvcWebClientAutoConfiguration, org.springframework.boot.test.autoconfigure.web.servlet.MockMvcWebDriverAutoConfiguration, org.springframework.boot.autoconfigure.security.oauth2.client.servlet.OAuth2ClientAutoConfiguration, org.springframework.boot.autoconfigure.security.oauth2.resource.servlet.OAuth2ResourceServerAutoConfiguration, org.springframework.boot.autoconfigure.security.servlet.SecurityAutoConfiguration, org.springframework.boot.autoconfigure.security.servlet.SecurityFilterAutoConfiguration, org.springframework.boot.autoconfigure.security.servlet.UserDetailsServiceAutoConfiguration, org.springframework.boot.test.autoconfigure.web.servlet.MockMvcSecurityConfiguration, org.springframework.boot.test.autoconfigure.web.reactive.WebTestClientAutoConfiguration]], org.springframework.boot.test.context.filter.ExcludeFilterContextCustomizer@1dcca8d3, org.springframework.boot.test.json.DuplicateJsonObjectContextCustomizerFactory$DuplicateJsonObjectContextCustomizer@19569ebd, org.springframework.boot.test.mock.mockito.MockitoContextCustomizer@e00c1f5f, org.springframework.boot.test.context.SpringBootTestArgs@1, org.springframework.boot.test.context.SpringBootTestWebEnvironment@0], resourceBasePath = 'src/main/webapp', contextLoader = 'org.springframework.boot.test.context.SpringBootContextLoader', parent = [null]], attributes = map[[empty]]], class annotated with @DirtiesContext [false] with mode [null].
08:59:46.063 [Test worker] DEBUG org.springframework.test.annotation.ProfileValueUtils - Retrieved @ProfileValueSourceConfiguration [null] for test class [br.com.geradordedevs.financialnotification.controllers.SpreadSheetControllerTest]
08:59:46.063 [Test worker] DEBUG org.springframework.test.annotation.ProfileValueUtils - Retrieved ProfileValueSource type [class org.springframework.test.annotation.SystemProfileValueSource] for class [br.com.geradordedevs.financialnotification.controllers.SpreadSheetControllerTest]

  .   ____          _            __ _ _
 /\\ / ___'_ __ _ _(_)_ __  __ _ \ \ \ \
( ( )\___ | '_ | '_| | '_ \/ _` | \ \ \ \
 \\/  ___)| |_)| | | | | || (_| |  ) ) ) )
  '  |____| .__|_| |_|_| |_\__, | / / / /
 =========|_|==============|___/=/_/_/_/
 :: Spring Boot ::                (v2.7.7)

2023-01-22 08:59:46.598  INFO 34541 --- [    Test worker] b.c.g.f.c.SpreadSheetControllerTest      : Starting SpreadSheetControllerTest using Java 19.0.1 on mario-Inspiron-3501 with PID 34541 (started by mario in /home/mario/Documentos/GitHub/financial-notification)
2023-01-22 08:59:46.601  INFO 34541 --- [    Test worker] b.c.g.f.c.SpreadSheetControllerTest      : No active profile set, falling back to 1 default profile: "default"
2023-01-22 08:59:48.595  INFO 34541 --- [    Test worker] o.s.b.t.m.w.SpringBootMockServletContext : Initializing Spring TestDispatcherServlet ''
2023-01-22 08:59:48.596  INFO 34541 --- [    Test worker] o.s.t.web.servlet.TestDispatcherServlet  : Initializing Servlet ''
2023-01-22 08:59:48.597  INFO 34541 --- [    Test worker] o.s.t.web.servlet.TestDispatcherServlet  : Completed initialization in 1 ms
2023-01-22 08:59:48.628  INFO 34541 --- [    Test worker] b.c.g.f.c.SpreadSheetControllerTest      : Started SpreadSheetControllerTest in 2.505 seconds (JVM running for 3.796)
]]></system-out>
  <system-err><![CDATA[]]></system-err>
</testsuite>
