<?xml version="1.0" encoding="UTF-8"?>
<testsuite name="br.com.geradordedevs.financialnotification.facades.impl.SpreadSheetFacadeImplTest" tests="2" skipped="0" failures="0" errors="0" timestamp="2023-01-24T23:25:04" hostname="mario-Inspiron-3501" time="0.102">
  <properties/>
  <testcase name="sendEmailReturnOk" classname="br.com.geradordedevs.financialnotification.facades.impl.SpreadSheetFacadeImplTest" time="0.097"/>
  <testcase name="getSpreadSheetsShouldReturnOk" classname="br.com.geradordedevs.financialnotification.facades.impl.SpreadSheetFacadeImplTest" time="0.004"/>
  <system-out><![CDATA[2023-01-24 20:25:04.606  INFO 63320 --- [    Test worker] b.c.g.f.f.impl.SpreadSheetFacadeImpl     : month: July / amount $ -50.0 
2023-01-24 20:25:04.619  INFO 63320 --- [    Test worker] b.c.g.f.f.impl.SpreadSheetFacadeImpl     : list spreadsheet
]]></system-out>
  <system-err><![CDATA[]]></system-err>
</testsuite>
