<?xml version="1.0" encoding="UTF-8"?>
<testsuite name="br.com.geradordedevs.financialnotification.controllers.SpreadSheetControllerTest" tests="3" skipped="0" failures="0" errors="0" timestamp="2023-01-24T23:25:04" hostname="mario-Inspiron-3501" time="0.175">
  <properties/>
  <testcase name="getSpreadSheetsWrongRouteShouldReturnNotFound" classname="br.com.geradordedevs.financialnotification.controllers.SpreadSheetControllerTest" time="0.068"/>
  <testcase name="uploadSpreadSheetShouldReturnAccepted" classname="br.com.geradordedevs.financialnotification.controllers.SpreadSheetControllerTest" time="0.086"/>
  <testcase name="getSpreadSheetsShouldReturnOk" classname="br.com.geradordedevs.financialnotification.controllers.SpreadSheetControllerTest" time="0.018"/>
  <system-out><![CDATA[20:25:00.717 [Test worker] DEBUG org.springframework.test.context.junit4.SpringJUnit4ClassRunner - SpringJUnit4ClassRunner constructor called with [class br.com.geradordedevs.financialnotification.controllers.SpreadSheetControllerTest]
20:25:00.733 [Test worker] DEBUG org.springframework.test.context.BootstrapUtils - Instantiating CacheAwareContextLoaderDelegate from class [org.springframework.test.context.cache.DefaultCacheAwareContextLoaderDelegate]
20:25:00.748 [Test worker] DEBUG org.springframework.test.context.BootstrapUtils - Instantiating BootstrapContext using constructor [public org.springframework.test.context.support.DefaultBootstrapContext(java.lang.Class,org.springframework.test.context.CacheAwareContextLoaderDelegate)]
20:25:00.849 [Test worker] DEBUG org.springframework.test.context.BootstrapUtils - Instantiating TestContextBootstrapper for test class [br.com.geradordedevs.financialnotification.controllers.SpreadSheetControllerTest] from class [org.springframework.boot.test.autoconfigure.web.servlet.WebMvcTestContextBootstrapper]
20:25:00.884 [Test worker] INFO org.springframework.boot.test.autoconfigure.web.servlet.WebMvcTestContextBootstrapper - Neither @ContextConfiguration nor @ContextHierarchy found for test class [br.com.geradordedevs.financialnotification.controllers.SpreadSheetControllerTest], using SpringBootContextLoader
20:25:00.897 [Test worker] DEBUG org.springframework.test.context.support.AbstractContextLoader - Did not detect default resource location for test class [br.com.geradordedevs.financialnotification.controllers.SpreadSheetControllerTest]: class path resource [br/com/geradordedevs/financialnotification/controllers/SpreadSheetControllerTest-context.xml] does not exist
20:25:00.898 [Test worker] DEBUG org.springframework.test.context.support.AbstractContextLoader - Did not detect default resource location for test class [br.com.geradordedevs.financialnotification.controllers.SpreadSheetControllerTest]: class path resource [br/com/geradordedevs/financialnotification/controllers/SpreadSheetControllerTestContext.groovy] does not exist
20:25:00.899 [Test worker] INFO org.springframework.test.context.support.AbstractContextLoader - Could not detect default resource locations for test class [br.com.geradordedevs.financialnotification.controllers.SpreadSheetControllerTest]: no resource found for suffixes {-context.xml, Context.groovy}.
20:25:00.900 [Test worker] INFO org.springframework.test.context.support.AnnotationConfigContextLoaderUtils - Could not detect default configuration classes for test class [br.com.geradordedevs.financialnotification.controllers.SpreadSheetControllerTest]: SpreadSheetControllerTest does not declare any static, non-private, non-final, nested classes annotated with @Configuration.
20:25:01.095 [Test worker] DEBUG org.springframework.test.context.support.ActiveProfilesUtils - Could not find an 'annotation declaring class' for annotation type [org.springframework.test.context.ActiveProfiles] and class [br.com.geradordedevs.financialnotification.controllers.SpreadSheetControllerTest]
20:25:01.210 [Test worker] DEBUG org.springframework.context.annotation.ClassPathScanningCandidateComponentProvider - Identified candidate component class: file [/home/mario/Documentos/GitHub/financial-notification/build/classes/java/main/br/com/geradordedevs/financialnotification/FinancialNotificationApplication.class]
20:25:01.211 [Test worker] INFO org.springframework.boot.test.context.SpringBootTestContextBootstrapper - Found @SpringBootConfiguration br.com.geradordedevs.financialnotification.FinancialNotificationApplication for test class br.com.geradordedevs.financialnotification.controllers.SpreadSheetControllerTest
20:25:01.215 [Test worker] DEBUG org.springframework.boot.test.autoconfigure.web.servlet.WebMvcTestContextBootstrapper - @TestExecutionListeners is not present for class [br.com.geradordedevs.financialnotification.controllers.SpreadSheetControllerTest]: using defaults.
20:25:01.216 [Test worker] INFO org.springframework.boot.test.autoconfigure.web.servlet.WebMvcTestContextBootstrapper - Loaded default TestExecutionListener class names from location [META-INF/spring.factories]: [org.springframework.boot.test.autoconfigure.restdocs.RestDocsTestExecutionListener, org.springframework.boot.test.autoconfigure.web.client.MockRestServiceServerResetTestExecutionListener, org.springframework.boot.test.autoconfigure.web.servlet.MockMvcPrintOnlyOnFailureTestExecutionListener, org.springframework.boot.test.autoconfigure.web.servlet.WebDriverTestExecutionListener, org.springframework.boot.test.autoconfigure.webservices.client.MockWebServiceServerTestExecutionListener, org.springframework.boot.test.mock.mockito.MockitoTestExecutionListener, org.springframework.boot.test.mock.mockito.ResetMocksTestExecutionListener, org.springframework.test.context.web.ServletTestExecutionListener, org.springframework.test.context.support.DirtiesContextBeforeModesTestExecutionListener, org.springframework.test.context.event.ApplicationEventsTestExecutionListener, org.springframework.test.context.support.DependencyInjectionTestExecutionListener, org.springframework.test.context.support.DirtiesContextTestExecutionListener, org.springframework.test.context.transaction.TransactionalTestExecutionListener, org.springframework.test.context.jdbc.SqlScriptsTestExecutionListener, org.springframework.test.context.event.EventPublishingTestExecutionListener]
20:25:01.248 [Test worker] INFO org.springframework.boot.test.autoconfigure.web.servlet.WebMvcTestContextBootstrapper - Using TestExecutionListeners: [org.springframework.test.context.web.ServletTestExecutionListener@5fbdc49b, org.springframework.test.context.support.DirtiesContextBeforeModesTestExecutionListener@65753040, org.springframework.test.context.event.ApplicationEventsTestExecutionListener@2954b5ea, org.springframework.boot.test.mock.mockito.MockitoTestExecutionListener@4acb2510, org.springframework.boot.test.autoconfigure.SpringBootDependencyInjectionTestExecutionListener@7be3a9ce, org.springframework.test.context.support.DirtiesContextTestExecutionListener@37d871c2, org.springframework.test.context.transaction.TransactionalTestExecutionListener@3baf6936, org.springframework.test.context.jdbc.SqlScriptsTestExecutionListener@285f38f6, org.springframework.test.context.event.EventPublishingTestExecutionListener@4e1459ea, org.springframework.boot.test.autoconfigure.restdocs.RestDocsTestExecutionListener@3ab6678b, org.springframework.boot.test.autoconfigure.web.client.MockRestServiceServerResetTestExecutionListener@7a904f32, org.springframework.boot.test.autoconfigure.web.servlet.MockMvcPrintOnlyOnFailureTestExecutionListener@2b59501e, org.springframework.boot.test.autoconfigure.web.servlet.WebDriverTestExecutionListener@476e8796, org.springframework.boot.test.autoconfigure.webservices.client.MockWebServiceServerTestExecutionListener@4eed2acf, org.springframework.boot.test.mock.mockito.ResetMocksTestExecutionListener@36fc05ff]
20:25:01.250 [Test worker] DEBUG org.springframework.test.annotation.ProfileValueUtils - Retrieved @ProfileValueSourceConfiguration [null] for test class [br.com.geradordedevs.financialnotification.controllers.SpreadSheetControllerTest]
20:25:01.251 [Test worker] DEBUG org.springframework.test.annotation.ProfileValueUtils - Retrieved ProfileValueSource type [class org.springframework.test.annotation.SystemProfileValueSource] for class [br.com.geradordedevs.financialnotification.controllers.SpreadSheetControllerTest]
20:25:01.253 [Test worker] DEBUG org.springframework.test.annotation.ProfileValueUtils - Retrieved @ProfileValueSourceConfiguration [null] for test class [br.com.geradordedevs.financialnotification.controllers.SpreadSheetControllerTest]
20:25:01.253 [Test worker] DEBUG org.springframework.test.annotation.ProfileValueUtils - Retrieved ProfileValueSource type [class org.springframework.test.annotation.SystemProfileValueSource] for class [br.com.geradordedevs.financialnotification.controllers.SpreadSheetControllerTest]
20:25:01.255 [Test worker] DEBUG org.springframework.test.annotation.ProfileValueUtils - Retrieved @ProfileValueSourceConfiguration [null] for test class [br.com.geradordedevs.financialnotification.controllers.SpreadSheetControllerTest]
20:25:01.255 [Test worker] DEBUG org.springframework.test.annotation.ProfileValueUtils - Retrieved ProfileValueSource type [class org.springframework.test.annotation.SystemProfileValueSource] for class [br.com.geradordedevs.financialnotification.controllers.SpreadSheetControllerTest]
20:25:01.256 [Test worker] DEBUG org.springframework.test.annotation.ProfileValueUtils - Retrieved @ProfileValueSourceConfiguration [null] for test class [br.com.geradordedevs.financialnotification.controllers.SpreadSheetControllerTest]
20:25:01.256 [Test worker] DEBUG org.springframework.test.annotation.ProfileValueUtils - Retrieved ProfileValueSource type [class org.springframework.test.annotation.SystemProfileValueSource] for class [br.com.geradordedevs.financialnotification.controllers.SpreadSheetControllerTest]
20:25:01.263 [Test worker] DEBUG org.springframework.test.context.support.AbstractDirtiesContextTestExecutionListener - Before test class: context [DefaultTestContext@e9dc4d0 testClass = SpreadSheetControllerTest, testInstance = [null], testMethod = [null], testException = [null], mergedContextConfiguration = [WebMergedContextConfiguration@670d4d38 testClass = SpreadSheetControllerTest, locations = '{}', classes = '{class br.com.geradordedevs.financialnotification.FinancialNotificationApplication}', contextInitializerClasses = '[]', activeProfiles = '{}', propertySourceLocations = '{}', propertySourceProperties = '{org.springframework.boot.test.autoconfigure.web.servlet.WebMvcTestContextBootstrapper=true}', contextCustomizers = set[org.springframework.boot.test.autoconfigure.OverrideAutoConfigurationContextCustomizerFactory$DisableAutoConfigurationContextCustomizer@2687f956, org.springframework.boot.test.autoconfigure.actuate.metrics.MetricsExportContextCustomizerFactory$DisableMetricExportContextCustomizer@30135202, org.springframework.boot.test.autoconfigure.filter.TypeExcludeFiltersContextCustomizer@f6007119, org.springframework.boot.test.autoconfigure.properties.PropertyMappingContextCustomizer@1035a939, org.springframework.boot.test.autoconfigure.web.servlet.WebDriverContextCustomizerFactory$Customizer@4455f57d, [ImportsContextCustomizer@131ff6fa key = [org.springframework.boot.autoconfigure.cache.CacheAutoConfiguration, org.springframework.boot.autoconfigure.context.MessageSourceAutoConfiguration, org.springframework.boot.autoconfigure.data.web.SpringDataWebAutoConfiguration, org.springframework.boot.autoconfigure.freemarker.FreeMarkerAutoConfiguration, org.springframework.boot.autoconfigure.groovy.template.GroovyTemplateAutoConfiguration, org.springframework.boot.autoconfigure.gson.GsonAutoConfiguration, org.springframework.boot.autoconfigure.hateoas.HypermediaAutoConfiguration, org.springframework.boot.autoconfigure.http.HttpMessageConvertersAutoConfiguration, org.springframework.boot.autoconfigure.jackson.JacksonAutoConfiguration, org.springframework.boot.autoconfigure.jsonb.JsonbAutoConfiguration, org.springframework.boot.autoconfigure.mustache.MustacheAutoConfiguration, org.springframework.boot.autoconfigure.task.TaskExecutionAutoConfiguration, org.springframework.boot.autoconfigure.thymeleaf.ThymeleafAutoConfiguration, org.springframework.boot.autoconfigure.validation.ValidationAutoConfiguration, org.springframework.boot.autoconfigure.web.servlet.error.ErrorMvcAutoConfiguration, org.springframework.boot.autoconfigure.web.servlet.HttpEncodingAutoConfiguration, org.springframework.boot.autoconfigure.web.servlet.WebMvcAutoConfiguration, org.springframework.boot.test.autoconfigure.web.servlet.MockMvcAutoConfiguration, org.springframework.boot.test.autoconfigure.web.servlet.MockMvcWebClientAutoConfiguration, org.springframework.boot.test.autoconfigure.web.servlet.MockMvcWebDriverAutoConfiguration, org.springframework.boot.autoconfigure.security.oauth2.client.servlet.OAuth2ClientAutoConfiguration, org.springframework.boot.autoconfigure.security.oauth2.resource.servlet.OAuth2ResourceServerAutoConfiguration, org.springframework.boot.autoconfigure.security.servlet.SecurityAutoConfiguration, org.springframework.boot.autoconfigure.security.servlet.SecurityFilterAutoConfiguration, org.springframework.boot.autoconfigure.security.servlet.UserDetailsServiceAutoConfiguration, org.springframework.boot.test.autoconfigure.web.servlet.MockMvcSecurityConfiguration, org.springframework.boot.test.autoconfigure.web.reactive.WebTestClientAutoConfiguration]], org.springframework.boot.test.context.filter.ExcludeFilterContextCustomizer@2e380628, org.springframework.boot.test.json.DuplicateJsonObjectContextCustomizerFactory$DuplicateJsonObjectContextCustomizer@62e6a3ec, org.springframework.boot.test.mock.mockito.MockitoContextCustomizer@eb92ace6, org.springframework.boot.test.context.SpringBootTestArgs@1, org.springframework.boot.test.context.SpringBootTestWebEnvironment@0], resourceBasePath = 'src/main/webapp', contextLoader = 'org.springframework.boot.test.context.SpringBootContextLoader', parent = [null]], attributes = map[[empty]]], class annotated with @DirtiesContext [false] with mode [null].
20:25:01.266 [Test worker] DEBUG org.springframework.test.annotation.ProfileValueUtils - Retrieved @ProfileValueSourceConfiguration [null] for test class [br.com.geradordedevs.financialnotification.controllers.SpreadSheetControllerTest]
20:25:01.266 [Test worker] DEBUG org.springframework.test.annotation.ProfileValueUtils - Retrieved ProfileValueSource type [class org.springframework.test.annotation.SystemProfileValueSource] for class [br.com.geradordedevs.financialnotification.controllers.SpreadSheetControllerTest]

  .   ____          _            __ _ _
 /\\ / ___'_ __ _ _(_)_ __  __ _ \ \ \ \
( ( )\___ | '_ | '_| | '_ \/ _` | \ \ \ \
 \\/  ___)| |_)| | | | | || (_| |  ) ) ) )
  '  |____| .__|_| |_|_| |_\__, | / / / /
 =========|_|==============|___/=/_/_/_/
 :: Spring Boot ::                (v2.7.7)

2023-01-24 20:25:01.998  INFO 63320 --- [    Test worker] b.c.g.f.c.SpreadSheetControllerTest      : Starting SpreadSheetControllerTest using Java 18.0.2-ea on mario-Inspiron-3501 with PID 63320 (started by mario in /home/mario/Documentos/GitHub/financial-notification)
2023-01-24 20:25:02.000  INFO 63320 --- [    Test worker] b.c.g.f.c.SpreadSheetControllerTest      : No active profile set, falling back to 1 default profile: "default"
2023-01-24 20:25:04.288  INFO 63320 --- [    Test worker] o.s.b.t.m.w.SpringBootMockServletContext : Initializing Spring TestDispatcherServlet ''
2023-01-24 20:25:04.288  INFO 63320 --- [    Test worker] o.s.t.web.servlet.TestDispatcherServlet  : Initializing Servlet ''
2023-01-24 20:25:04.289  INFO 63320 --- [    Test worker] o.s.t.web.servlet.TestDispatcherServlet  : Completed initialization in 1 ms
2023-01-24 20:25:04.319  INFO 63320 --- [    Test worker] b.c.g.f.c.SpreadSheetControllerTest      : Started SpreadSheetControllerTest in 2.992 seconds (JVM running for 4.525)
]]></system-out>
  <system-err><![CDATA[]]></system-err>
</testsuite>
